[INFO] Scanning for projects...
[INFO] 
[INFO] --------------------------< com.cheat:cheat >---------------------------
[INFO] Building cheat 0.0.1-SNAPSHOT
[INFO]   from pom.xml
[INFO] --------------------------------[ jar ]---------------------------------
[INFO] 
[INFO] >>> spring-boot:4.1.0:run (default-cli) > test-compile @ cheat >>>
[INFO] 
[INFO] --- resources:3.5.0:resources (default-resources) @ cheat ---
[INFO] Copying 1 resource from src\main\resources to target\classes
[INFO] Copying 2 resources from src\main\resources to target\classes
[INFO] 
[INFO] --- compiler:3.15.0:compile (default-compile) @ cheat ---
[INFO] Nothing to compile - all classes are up to date.
[INFO] 
[INFO] --- resources:3.5.0:testResources (default-testResources) @ cheat ---
[INFO] Copying 1 resource from src\test\resources to target\test-classes
[INFO] 
[INFO] --- compiler:3.15.0:testCompile (default-testCompile) @ cheat ---
[INFO] Nothing to compile - all classes are up to date.
[INFO] 
[INFO] <<< spring-boot:4.1.0:run (default-cli) < test-compile @ cheat <<<
[INFO] 
[INFO] 
[INFO] --- spring-boot:4.1.0:run (default-cli) @ cheat ---
[INFO] Attaching agents: []

  .   ____          _            __ _ _
 /\\ / ___'_ __ _ _(_)_ __  __ _ \ \ \ \
( ( )\___ | '_ | '_| | '_ \/ _` | \ \ \ \
 \\/  ___)| |_)| | | | | || (_| |  ) ) ) )
  '  |____| .__|_| |_|_| |_\__, | / / / /
 =========|_|==============|___/=/_/_/_/

 :: Spring Boot ::                (v4.1.0)

2026-06-23T19:17:52.741+08:00  INFO 24000 --- [cheat] [           main] com.cheat.exam.CheatApplication          : Starting CheatApplication using Java 21.0.10 with PID 24000 (E:\workspace\cheat\target\classes started by admin in E:\workspace\cheat)
2026-06-23T19:17:52.745+08:00  INFO 24000 --- [cheat] [           main] com.cheat.exam.CheatApplication          : No active profile set, falling back to 1 default profile: "default"
2026-06-23T19:17:53.155+08:00  INFO 24000 --- [cheat] [           main] .s.d.r.c.RepositoryConfigurationDelegate : Bootstrapping Spring Data JPA repositories in DEFAULT mode.
2026-06-23T19:17:53.198+08:00  INFO 24000 --- [cheat] [           main] .s.d.r.c.RepositoryConfigurationDelegate : Finished Spring Data repository scanning in 37 ms. Found 5 JPA repository interfaces.
2026-06-23T19:17:53.601+08:00  INFO 24000 --- [cheat] [           main] o.s.boot.tomcat.TomcatWebServer          : Tomcat initialized with port 8080 (http)
2026-06-23T19:17:53.612+08:00  INFO 24000 --- [cheat] [           main] o.apache.catalina.core.StandardService   : Starting service [Tomcat]
2026-06-23T19:17:53.627+08:00  INFO 24000 --- [cheat] [           main] o.apache.catalina.core.StandardEngine    : Starting Servlet engine: [Apache Tomcat/11.0.22]
2026-06-23T19:17:53.664+08:00  INFO 24000 --- [cheat] [           main] b.w.c.s.WebApplicationContextInitializer : Root WebApplicationContext: initialization completed in 882 ms
2026-06-23T19:17:53.849+08:00  INFO 24000 --- [cheat] [           main] com.zaxxer.hikari.HikariDataSource       : HikariPool-1 - Starting...
2026-06-23T19:17:53.956+08:00  INFO 24000 --- [cheat] [           main] com.zaxxer.hikari.pool.HikariPool        : HikariPool-1 - Added connection com.mysql.cj.jdbc.ConnectionImpl@c497a55
2026-06-23T19:17:54.004+08:00  INFO 24000 --- [cheat] [           main] com.zaxxer.hikari.HikariDataSource       : HikariPool-1 - Start completed.
2026-06-23T19:17:54.044+08:00  INFO 24000 --- [cheat] [           main] org.flywaydb.core.FlywayExecutor         : Database: jdbc:mysql://127.0.0.1:3306/cheat?useUnicode=true&characterEncoding=utf8&serverTimezone=Asia/Shanghai&useSSL=false&allowPublicKeyRetrieval=true (MySQL 8.0)
2026-06-23T19:17:54.087+08:00  INFO 24000 --- [cheat] [           main] o.f.c.i.s.JdbcTableSchemaHistory         : Schema history table `cheat`.`flyway_schema_history` does not exist yet
2026-06-23T19:17:54.089+08:00  INFO 24000 --- [cheat] [           main] o.f.core.internal.command.DbValidate     : Successfully validated 2 migrations (execution time 00:00.013s)
2026-06-23T19:17:54.103+08:00  INFO 24000 --- [cheat] [           main] o.f.c.i.s.JdbcTableSchemaHistory         : Creating Schema History table `cheat`.`flyway_schema_history` ...
2026-06-23T19:17:54.175+08:00  INFO 24000 --- [cheat] [           main] o.f.core.internal.command.DbMigrate      : Current version of schema `cheat`: << Empty Schema >>
2026-06-23T19:17:54.185+08:00  INFO 24000 --- [cheat] [           main] o.f.core.internal.command.DbMigrate      : Migrating schema `cheat` to version "1 - init schema"
2026-06-23T19:17:54.652+08:00  INFO 24000 --- [cheat] [           main] o.f.core.internal.command.DbMigrate      : Migrating schema `cheat` to version "2 - add updated at to chat message"
2026-06-23T19:17:54.753+08:00  INFO 24000 --- [cheat] [           main] o.f.core.internal.command.DbMigrate      : Successfully applied 2 migrations to schema `cheat`, now at version v2 (execution time 00:00.509s)
2026-06-23T19:17:54.821+08:00  INFO 24000 --- [cheat] [           main] org.hibernate.orm.jpa                    : HHH008540: Processing PersistenceUnitInfo [name: default]
2026-06-23T19:17:54.871+08:00  INFO 24000 --- [cheat] [           main] org.hibernate.orm.core                   : HHH000001: Hibernate ORM core version 7.4.1.Final
2026-06-23T19:17:55.172+08:00  INFO 24000 --- [cheat] [           main] o.s.o.j.p.SpringPersistenceUnitInfo      : No LoadTimeWeaver setup: ignoring JPA class transformer
2026-06-23T19:17:55.223+08:00  WARN 24000 --- [cheat] [           main] org.hibernate.orm.deprecation            : HHH90000025: MySQLDialect does not need to be specified explicitly using 'hibernate.dialect' (remove the property setting and it will be selected by default)
2026-06-23T19:17:55.233+08:00  INFO 24000 --- [cheat] [           main] org.hibernate.orm.connections.pooling    : HHH10001005: Database info:
	Database JDBC URL [jdbc:mysql://127.0.0.1:3306/cheat?useUnicode=true&characterEncoding=utf8&serverTimezone=Asia/Shanghai&useSSL=false&allowPublicKeyRetrieval=true]
	Database driver: MySQL Connector/J
	Database dialect: MySQLDialect
	Database version: 8.0.36
	Default catalog/schema: cheat/undefined
	Autocommit mode: undefined/unknown
	Isolation level: REPEATABLE_READ [default REPEATABLE_READ]
	JDBC fetch size: none
	Pool: DataSourceConnectionProvider
	Minimum pool size: undefined/unknown
	Maximum pool size: undefined/unknown
2026-06-23T19:17:55.943+08:00  INFO 24000 --- [cheat] [           main] org.hibernate.orm.core                   : HHH000489: No JTA platform available (set 'hibernate.transaction.jta.platform' to enable JTA platform integration)
2026-06-23T19:17:55.974+08:00  INFO 24000 --- [cheat] [           main] j.LocalContainerEntityManagerFactoryBean : Initialized JPA EntityManagerFactory for persistence unit 'default'
2026-06-23T19:17:56.093+08:00  INFO 24000 --- [cheat] [           main] o.s.d.j.r.query.QueryEnhancerFactories   : Hibernate is in classpath; If applicable, HQL parser will be used.
2026-06-23T19:17:56.346+08:00  WARN 24000 --- [cheat] [           main] .s.a.UserDetailsServiceAutoConfiguration : 

Using generated security password: 489a3abd-d5bc-44fb-a488-17872c4b6143

This generated password is for development use only. Your security configuration must be updated before running your application in production.

2026-06-23T19:17:56.353+08:00  INFO 24000 --- [cheat] [           main] r$InitializeUserDetailsManagerConfigurer : Global AuthenticationManager configured with UserDetailsService bean with name inMemoryUserDetailsManager
2026-06-23T19:17:56.659+08:00  INFO 24000 --- [cheat] [           main] o.s.boot.tomcat.TomcatWebServer          : Tomcat started on port 8080 (http) with context path '/'
2026-06-23T19:17:56.662+08:00  INFO 24000 --- [cheat] [           main] com.cheat.exam.CheatApplication          : Started CheatApplication in 4.23 seconds (process running for 4.483)
2026-06-23T19:18:46.179+08:00  INFO 24000 --- [cheat] [nio-8080-exec-1] o.a.c.c.C.[Tomcat].[localhost].[/]       : Initializing Spring DispatcherServlet 'dispatcherServlet'
2026-06-23T19:18:46.180+08:00  INFO 24000 --- [cheat] [nio-8080-exec-1] o.s.web.servlet.DispatcherServlet        : Initializing Servlet 'dispatcherServlet'
2026-06-23T19:18:46.182+08:00  INFO 24000 --- [cheat] [nio-8080-exec-1] o.s.web.servlet.DispatcherServlet        : Completed initialization in 2 ms
[INFO] ------------------------------------------------------------------------
[INFO] BUILD FAILURE
[INFO] ------------------------------------------------------------------------
[INFO] Total time:  22:24 min
[INFO] Finished at: 2026-06-23T19:40:15+08:00
[INFO] ------------------------------------------------------------------------
[ERROR] Failed to execute goal org.springframework.boot:spring-boot-maven-plugin:4.1.0:run (default-cli) on project cheat: Process terminated with exit code: -1 -> [Help 1]
[ERROR] 
[ERROR] To see the full stack trace of the errors, re-run Maven with the -e switch.
[ERROR] Re-run Maven using the -X switch to enable full debug logging.
[ERROR] 
[ERROR] For more information about the errors and possible solutions, please read the following articles:
[ERROR] [Help 1] http://cwiki.apache.org/confluence/display/MAVEN/MojoExecutionException
