[INFO] Scanning for projects...
[INFO] 
[INFO] --------------------------< com.cheat:cheat >---------------------------
[INFO] Building cheat 0.0.1-SNAPSHOT
[INFO]   from pom.xml
[INFO] --------------------------------[ jar ]---------------------------------
[INFO] 
[INFO] >>> spring-boot:4.1.0:run (default-cli) > test-compile @ cheat >>>
[INFO] 
[INFO] --- resources:3.5.0:resources (default-resources) @ cheat ---
[INFO] Copying 1 resource from src\main\resources to target\classes
[INFO] Copying 10 resources from src\main\resources to target\classes
[INFO] 
[INFO] --- compiler:3.15.0:compile (default-compile) @ cheat ---
[INFO] Nothing to compile - all classes are up to date.
[INFO] 
[INFO] --- resources:3.5.0:testResources (default-testResources) @ cheat ---
[INFO] Copying 1 resource from src\test\resources to target\test-classes
[INFO] 
[INFO] --- compiler:3.15.0:testCompile (default-testCompile) @ cheat ---
[INFO] Nothing to compile - all classes are up to date.
[INFO] 
[INFO] <<< spring-boot:4.1.0:run (default-cli) < test-compile @ cheat <<<
[INFO] 
[INFO] 
[INFO] --- spring-boot:4.1.0:run (default-cli) @ cheat ---
[INFO] Attaching agents: []

  .   ____          _            __ _ _
 /\\ / ___'_ __ _ _(_)_ __  __ _ \ \ \ \
( ( )\___ | '_ | '_| | '_ \/ _` | \ \ \ \
 \\/  ___)| |_)| | | | | || (_| |  ) ) ) )
  '  |____| .__|_| |_|_| |_\__, | / / / /
 =========|_|==============|___/=/_/_/_/

 :: Spring Boot ::                (v4.1.0)

2026-07-06T21:21:59.368+08:00  INFO 7280 --- [cheat] [           main] com.cheat.exam.CheatApplication          : Starting CheatApplication using Java 21.0.10 with PID 7280 (E:\workspace\cheat\target\classes started by admin in E:\workspace\cheat)
2026-07-06T21:21:59.378+08:00  INFO 7280 --- [cheat] [           main] com.cheat.exam.CheatApplication          : No active profile set, falling back to 1 default profile: "default"
2026-07-06T21:21:59.801+08:00  INFO 7280 --- [cheat] [           main] .s.d.r.c.RepositoryConfigurationDelegate : Bootstrapping Spring Data JPA repositories in DEFAULT mode.
2026-07-06T21:21:59.849+08:00  INFO 7280 --- [cheat] [           main] .s.d.r.c.RepositoryConfigurationDelegate : Finished Spring Data repository scanning in 38 ms. Found 7 JPA repository interfaces.
2026-07-06T21:22:00.247+08:00  INFO 7280 --- [cheat] [           main] o.s.boot.tomcat.TomcatWebServer          : Tomcat initialized with port 8080 (http)
2026-07-06T21:22:00.267+08:00  INFO 7280 --- [cheat] [           main] o.apache.catalina.core.StandardService   : Starting service [Tomcat]
2026-07-06T21:22:00.269+08:00  INFO 7280 --- [cheat] [           main] o.apache.catalina.core.StandardEngine    : Starting Servlet engine: [Apache Tomcat/11.0.22]
2026-07-06T21:22:00.312+08:00  INFO 7280 --- [cheat] [           main] b.w.c.s.WebApplicationContextInitializer : Root WebApplicationContext: initialization completed in 901 ms
2026-07-06T21:22:00.476+08:00  INFO 7280 --- [cheat] [           main] com.zaxxer.hikari.HikariDataSource       : HikariPool-1 - Starting...
2026-07-06T21:22:00.586+08:00  INFO 7280 --- [cheat] [           main] com.zaxxer.hikari.pool.HikariPool        : HikariPool-1 - Added connection com.mysql.cj.jdbc.ConnectionImpl@775f15fd
2026-07-06T21:22:00.588+08:00  INFO 7280 --- [cheat] [           main] com.zaxxer.hikari.HikariDataSource       : HikariPool-1 - Start completed.
2026-07-06T21:22:00.610+08:00  INFO 7280 --- [cheat] [           main] org.flywaydb.core.FlywayExecutor         : Database: jdbc:mysql://localhost:3306/cheat?useUnicode=true&characterEncoding=utf8&serverTimezone=Asia/Shanghai&useSSL=false&allowPublicKeyRetrieval=true (MySQL 8.0)
2026-07-06T21:22:00.660+08:00  INFO 7280 --- [cheat] [           main] o.f.core.internal.command.DbValidate     : Successfully validated 4 migrations (execution time 00:00.020s)
2026-07-06T21:22:00.670+08:00  INFO 7280 --- [cheat] [           main] o.f.core.internal.command.DbMigrate      : Current version of schema `cheat`: 4
2026-07-06T21:22:00.678+08:00  INFO 7280 --- [cheat] [           main] o.f.core.internal.command.DbMigrate      : Schema `cheat` is up to date. No migration necessary.
2026-07-06T21:22:00.744+08:00  INFO 7280 --- [cheat] [           main] org.hibernate.orm.jpa                    : HHH008540: Processing PersistenceUnitInfo [name: default]
2026-07-06T21:22:00.776+08:00  INFO 7280 --- [cheat] [           main] org.hibernate.orm.core                   : HHH000001: Hibernate ORM core version 7.4.1.Final
2026-07-06T21:22:01.032+08:00  INFO 7280 --- [cheat] [           main] o.s.o.j.p.SpringPersistenceUnitInfo      : No LoadTimeWeaver setup: ignoring JPA class transformer
2026-07-06T21:22:01.070+08:00  WARN 7280 --- [cheat] [           main] org.hibernate.orm.deprecation            : HHH90000025: MySQLDialect does not need to be specified explicitly using 'hibernate.dialect' (remove the property setting and it will be selected by default)
2026-07-06T21:22:01.080+08:00  INFO 7280 --- [cheat] [           main] org.hibernate.orm.connections.pooling    : HHH10001005: Database info:
	Database JDBC URL [jdbc:mysql://localhost:3306/cheat?useUnicode=true&characterEncoding=utf8&serverTimezone=Asia/Shanghai&useSSL=false&allowPublicKeyRetrieval=true]
	Database driver: MySQL Connector/J
	Database dialect: MySQLDialect
	Database version: 8.0.36
	Default catalog/schema: cheat/undefined
	Autocommit mode: undefined/unknown
	Isolation level: REPEATABLE_READ [default REPEATABLE_READ]
	JDBC fetch size: none
	Pool: DataSourceConnectionProvider
	Minimum pool size: undefined/unknown
	Maximum pool size: undefined/unknown
2026-07-06T21:22:01.795+08:00  INFO 7280 --- [cheat] [           main] org.hibernate.orm.core                   : HHH000489: No JTA platform available (set 'hibernate.transaction.jta.platform' to enable JTA platform integration)
2026-07-06T21:22:01.823+08:00  INFO 7280 --- [cheat] [           main] j.LocalContainerEntityManagerFactoryBean : Initialized JPA EntityManagerFactory for persistence unit 'default'
2026-07-06T21:22:01.871+08:00  INFO 7280 --- [cheat] [           main] o.s.d.j.r.query.QueryEnhancerFactories   : Hibernate is in classpath; If applicable, HQL parser will be used.
2026-07-06T21:22:02.706+08:00  WARN 7280 --- [cheat] [           main] .s.a.UserDetailsServiceAutoConfiguration : 

Using generated security password: ea63dad8-3ee9-47cf-abbd-28bdaaab90e6

This generated password is for development use only. Your security configuration must be updated before running your application in production.

2026-07-06T21:22:02.712+08:00  INFO 7280 --- [cheat] [           main] r$InitializeUserDetailsManagerConfigurer : Global AuthenticationManager configured with UserDetailsService bean with name inMemoryUserDetailsManager
2026-07-06T21:22:02.806+08:00  INFO 7280 --- [cheat] [           main] o.s.b.w.a.WelcomePageHandlerMapping      : Adding welcome page: class path resource [static/index.html]
2026-07-06T21:22:02.995+08:00  INFO 7280 --- [cheat] [           main] o.s.boot.tomcat.TomcatWebServer          : Tomcat started on port 8080 (http) with context path '/'
2026-07-06T21:22:02.999+08:00  INFO 7280 --- [cheat] [           main] com.cheat.exam.CheatApplication          : Started CheatApplication in 3.953 seconds (process running for 4.205)
2026-07-06T21:22:42.523+08:00  INFO 7280 --- [cheat] [nio-8080-exec-1] o.a.c.c.C.[Tomcat].[localhost].[/]       : Initializing Spring DispatcherServlet 'dispatcherServlet'
2026-07-06T21:22:42.524+08:00  INFO 7280 --- [cheat] [nio-8080-exec-1] o.s.web.servlet.DispatcherServlet        : Initializing Servlet 'dispatcherServlet'
2026-07-06T21:22:42.525+08:00  INFO 7280 --- [cheat] [nio-8080-exec-1] o.s.web.servlet.DispatcherServlet        : Completed initialization in 1 ms
[INFO] ------------------------------------------------------------------------
[INFO] BUILD FAILURE
[INFO] ------------------------------------------------------------------------
[INFO] Total time:  02:49 h
[INFO] Finished at: 2026-07-07T00:11:13+08:00
[INFO] ------------------------------------------------------------------------
[ERROR] Failed to execute goal org.springframework.boot:spring-boot-maven-plugin:4.1.0:run (default-cli) on project cheat: Process terminated with exit code: 1073807364 -> [Help 1]
[ERROR] 
[ERROR] To see the full stack trace of the errors, re-run Maven with the -e switch.
[ERROR] Re-run Maven using the -X switch to enable full debug logging.
[ERROR] 
[ERROR] For more information about the errors and possible solutions, please read the following articles:
[ERROR] [Help 1] http://cwiki.apache.org/confluence/display/MAVEN/MojoExecutionException
